<?xml version="1.0" encoding="UTF-8"?>
<!-- Generated by org.testng.reporters.JUnitReportReporter -->
<testsuite hostname="DESKTOP-S8D13SL" name="runner.TestRunner" tests="1" failures="0" timestamp="23 Apr 2022 16:00:57 GMT" time="59.409" errors="0">
  <testcase name="runScenario" time="59.409" classname="runner.TestRunner"/>
</testsuite> <!-- runner.TestRunner -->
