<?xml version="1.0" encoding="UTF-8"?>
<!-- Generated by org.testng.reporters.JUnitReportReporter -->
<testsuite hostname="DESKTOP-S8D13SL" name="runner.TestRunner" tests="1" failures="0" timestamp="9 May 2022 15:03:05 GMT" time="43.905" errors="0">
  <testcase name="runScenario" time="43.905" classname="runner.TestRunner"/>
</testsuite> <!-- runner.TestRunner -->
